This is pdfTeX, Version 3.1415926-1.40.10 (TeX Live 2009/Debian) (format=pdflatex 2012.1.30)  14 MAR 2012 14:49
entering extended mode
 %&-line parsing enabled.
**psiu.tex
(./psiu.tex
LaTeX2e <2009/09/24>
Babel <v3.8l> and hyphenation patterns for english, usenglishmax, dumylang, noh
yphenation, loaded.
(/usr/share/texmf-texlive/tex/latex/base/article.cls
Document Class: article 2007/10/19 v1.4h Standard LaTeX document class
(/usr/share/texmf-texlive/tex/latex/base/size11.clo
File: size11.clo 2007/10/19 v1.4h Standard LaTeX file (size option)
)
\c@part=\count79
\c@section=\count80
\c@subsection=\count81
\c@subsubsection=\count82
\c@paragraph=\count83
\c@subparagraph=\count84
\c@figure=\count85
\c@table=\count86
\abovecaptionskip=\skip41
\belowcaptionskip=\skip42
\bibindent=\dimen102
)
(/usr/share/texmf-texlive/tex/latex/base/inputenc.sty
Package: inputenc 2008/03/30 v1.1d Input encoding file
\inpenc@prehook=\toks14
\inpenc@posthook=\toks15

(/usr/share/texmf-texlive/tex/latex/base/utf8.def
File: utf8.def 2008/04/05 v1.1m UTF-8 support for inputenc
Now handling font encoding OML ...
... no UTF-8 mapping file for font encoding OML
Now handling font encoding T1 ...
... processing UTF-8 mapping file for font encoding T1

(/usr/share/texmf-texlive/tex/latex/base/t1enc.dfu
File: t1enc.dfu 2008/04/05 v1.1m UTF-8 support for inputenc
   defining Unicode char U+00A1 (decimal 161)
   defining Unicode char U+00A3 (decimal 163)
   defining Unicode char U+00AB (decimal 171)
   defining Unicode char U+00BB (decimal 187)
   defining Unicode char U+00BF (decimal 191)
   defining Unicode char U+00C0 (decimal 192)
   defining Unicode char U+00C1 (decimal 193)
   defining Unicode char U+00C2 (decimal 194)
   defining Unicode char U+00C3 (decimal 195)
   defining Unicode char U+00C4 (decimal 196)
   defining Unicode char U+00C5 (decimal 197)
   defining Unicode char U+00C6 (decimal 198)
   defining Unicode char U+00C7 (decimal 199)
   defining Unicode char U+00C8 (decimal 200)
   defining Unicode char U+00C9 (decimal 201)
   defining Unicode char U+00CA (decimal 202)
   defining Unicode char U+00CB (decimal 203)
   defining Unicode char U+00CC (decimal 204)
   defining Unicode char U+00CD (decimal 205)
   defining Unicode char U+00CE (decimal 206)
   defining Unicode char U+00CF (decimal 207)
   defining Unicode char U+00D0 (decimal 208)
   defining Unicode char U+00D1 (decimal 209)
   defining Unicode char U+00D2 (decimal 210)
   defining Unicode char U+00D3 (decimal 211)
   defining Unicode char U+00D4 (decimal 212)
   defining Unicode char U+00D5 (decimal 213)
   defining Unicode char U+00D6 (decimal 214)
   defining Unicode char U+00D8 (decimal 216)
   defining Unicode char U+00D9 (decimal 217)
   defining Unicode char U+00DA (decimal 218)
   defining Unicode char U+00DB (decimal 219)
   defining Unicode char U+00DC (decimal 220)
   defining Unicode char U+00DD (decimal 221)
   defining Unicode char U+00DE (decimal 222)
   defining Unicode char U+00DF (decimal 223)
   defining Unicode char U+00E0 (decimal 224)
   defining Unicode char U+00E1 (decimal 225)
   defining Unicode char U+00E2 (decimal 226)
   defining Unicode char U+00E3 (decimal 227)
   defining Unicode char U+00E4 (decimal 228)
   defining Unicode char U+00E5 (decimal 229)
   defining Unicode char U+00E6 (decimal 230)
   defining Unicode char U+00E7 (decimal 231)
   defining Unicode char U+00E8 (decimal 232)
   defining Unicode char U+00E9 (decimal 233)
   defining Unicode char U+00EA (decimal 234)
   defining Unicode char U+00EB (decimal 235)
   defining Unicode char U+00EC (decimal 236)
   defining Unicode char U+00ED (decimal 237)
   defining Unicode char U+00EE (decimal 238)
   defining Unicode char U+00EF (decimal 239)
   defining Unicode char U+00F0 (decimal 240)
   defining Unicode char U+00F1 (decimal 241)
   defining Unicode char U+00F2 (decimal 242)
   defining Unicode char U+00F3 (decimal 243)
   defining Unicode char U+00F4 (decimal 244)
   defining Unicode char U+00F5 (decimal 245)
   defining Unicode char U+00F6 (decimal 246)
   defining Unicode char U+00F8 (decimal 248)
   defining Unicode char U+00F9 (decimal 249)
   defining Unicode char U+00FA (decimal 250)
   defining Unicode char U+00FB (decimal 251)
   defining Unicode char U+00FC (decimal 252)
   defining Unicode char U+00FD (decimal 253)
   defining Unicode char U+00FE (decimal 254)
   defining Unicode char U+00FF (decimal 255)
   defining Unicode char U+0102 (decimal 258)
   defining Unicode char U+0103 (decimal 259)
   defining Unicode char U+0104 (decimal 260)
   defining Unicode char U+0105 (decimal 261)
   defining Unicode char U+0106 (decimal 262)
   defining Unicode char U+0107 (decimal 263)
   defining Unicode char U+010C (decimal 268)
   defining Unicode char U+010D (decimal 269)
   defining Unicode char U+010E (decimal 270)
   defining Unicode char U+010F (decimal 271)
   defining Unicode char U+0110 (decimal 272)
   defining Unicode char U+0111 (decimal 273)
   defining Unicode char U+0118 (decimal 280)
   defining Unicode char U+0119 (decimal 281)
   defining Unicode char U+011A (decimal 282)
   defining Unicode char U+011B (decimal 283)
   defining Unicode char U+011E (decimal 286)
   defining Unicode char U+011F (decimal 287)
   defining Unicode char U+0130 (decimal 304)
   defining Unicode char U+0131 (decimal 305)
   defining Unicode char U+0132 (decimal 306)
   defining Unicode char U+0133 (decimal 307)
   defining Unicode char U+0139 (decimal 313)
   defining Unicode char U+013A (decimal 314)
   defining Unicode char U+013D (decimal 317)
   defining Unicode char U+013E (decimal 318)
   defining Unicode char U+0141 (decimal 321)
   defining Unicode char U+0142 (decimal 322)
   defining Unicode char U+0143 (decimal 323)
   defining Unicode char U+0144 (decimal 324)
   defining Unicode char U+0147 (decimal 327)
   defining Unicode char U+0148 (decimal 328)
   defining Unicode char U+014A (decimal 330)
   defining Unicode char U+014B (decimal 331)
   defining Unicode char U+0150 (decimal 336)
   defining Unicode char U+0151 (decimal 337)
   defining Unicode char U+0152 (decimal 338)
   defining Unicode char U+0153 (decimal 339)
   defining Unicode char U+0154 (decimal 340)
   defining Unicode char U+0155 (decimal 341)
   defining Unicode char U+0158 (decimal 344)
   defining Unicode char U+0159 (decimal 345)
   defining Unicode char U+015A (decimal 346)
   defining Unicode char U+015B (decimal 347)
   defining Unicode char U+015E (decimal 350)
   defining Unicode char U+015F (decimal 351)
   defining Unicode char U+0160 (decimal 352)
   defining Unicode char U+0161 (decimal 353)
   defining Unicode char U+0162 (decimal 354)
   defining Unicode char U+0163 (decimal 355)
   defining Unicode char U+0164 (decimal 356)
   defining Unicode char U+0165 (decimal 357)
   defining Unicode char U+016E (decimal 366)
   defining Unicode char U+016F (decimal 367)
   defining Unicode char U+0170 (decimal 368)
   defining Unicode char U+0171 (decimal 369)
   defining Unicode char U+0178 (decimal 376)
   defining Unicode char U+0179 (decimal 377)
   defining Unicode char U+017A (decimal 378)
   defining Unicode char U+017B (decimal 379)
   defining Unicode char U+017C (decimal 380)
   defining Unicode char U+017D (decimal 381)
   defining Unicode char U+017E (decimal 382)
   defining Unicode char U+200C (decimal 8204)
   defining Unicode char U+2013 (decimal 8211)
   defining Unicode char U+2014 (decimal 8212)
   defining Unicode char U+2018 (decimal 8216)
   defining Unicode char U+2019 (decimal 8217)
   defining Unicode char U+201A (decimal 8218)
   defining Unicode char U+201C (decimal 8220)
   defining Unicode char U+201D (decimal 8221)
   defining Unicode char U+201E (decimal 8222)
   defining Unicode char U+2030 (decimal 8240)
   defining Unicode char U+2031 (decimal 8241)
   defining Unicode char U+2039 (decimal 8249)
   defining Unicode char U+203A (decimal 8250)
   defining Unicode char U+2423 (decimal 9251)
)
Now handling font encoding OT1 ...
... processing UTF-8 mapping file for font encoding OT1

(/usr/share/texmf-texlive/tex/latex/base/ot1enc.dfu
File: ot1enc.dfu 2008/04/05 v1.1m UTF-8 support for inputenc
   defining Unicode char U+00A1 (decimal 161)
   defining Unicode char U+00A3 (decimal 163)
   defining Unicode char U+00B8 (decimal 184)
   defining Unicode char U+00BF (decimal 191)
   defining Unicode char U+00C5 (decimal 197)
   defining Unicode char U+00C6 (decimal 198)
   defining Unicode char U+00D8 (decimal 216)
   defining Unicode char U+00DF (decimal 223)
   defining Unicode char U+00E6 (decimal 230)
   defining Unicode char U+00EC (decimal 236)
   defining Unicode char U+00ED (decimal 237)
   defining Unicode char U+00EE (decimal 238)
   defining Unicode char U+00EF (decimal 239)
   defining Unicode char U+00F8 (decimal 248)
   defining Unicode char U+0131 (decimal 305)
   defining Unicode char U+0141 (decimal 321)
   defining Unicode char U+0142 (decimal 322)
   defining Unicode char U+0152 (decimal 338)
   defining Unicode char U+0153 (decimal 339)
   defining Unicode char U+2013 (decimal 8211)
   defining Unicode char U+2014 (decimal 8212)
   defining Unicode char U+2018 (decimal 8216)
   defining Unicode char U+2019 (decimal 8217)
   defining Unicode char U+201C (decimal 8220)
   defining Unicode char U+201D (decimal 8221)
)
Now handling font encoding OMS ...
... processing UTF-8 mapping file for font encoding OMS

(/usr/share/texmf-texlive/tex/latex/base/omsenc.dfu
File: omsenc.dfu 2008/04/05 v1.1m UTF-8 support for inputenc
   defining Unicode char U+00A7 (decimal 167)
   defining Unicode char U+00B6 (decimal 182)
   defining Unicode char U+00B7 (decimal 183)
   defining Unicode char U+2020 (decimal 8224)
   defining Unicode char U+2021 (decimal 8225)
   defining Unicode char U+2022 (decimal 8226)
)
Now handling font encoding OMX ...
... no UTF-8 mapping file for font encoding OMX
Now handling font encoding U ...
... no UTF-8 mapping file for font encoding U
   defining Unicode char U+00A9 (decimal 169)
   defining Unicode char U+00AA (decimal 170)
   defining Unicode char U+00AE (decimal 174)
   defining Unicode char U+00BA (decimal 186)
   defining Unicode char U+02C6 (decimal 710)
   defining Unicode char U+02DC (decimal 732)
   defining Unicode char U+200C (decimal 8204)
   defining Unicode char U+2026 (decimal 8230)
   defining Unicode char U+2122 (decimal 8482)
   defining Unicode char U+2423 (decimal 9251)
))
(/usr/share/texmf-texlive/tex/latex/amsmath/amsmath.sty
Package: amsmath 2000/07/18 v2.13 AMS math features
\@mathmargin=\skip43

For additional information on amsmath, use the `?' option.
(/usr/share/texmf-texlive/tex/latex/amsmath/amstext.sty
Package: amstext 2000/06/29 v2.01

(/usr/share/texmf-texlive/tex/latex/amsmath/amsgen.sty
File: amsgen.sty 1999/11/30 v2.0
\@emptytoks=\toks16
\ex@=\dimen103
))
(/usr/share/texmf-texlive/tex/latex/amsmath/amsbsy.sty
Package: amsbsy 1999/11/29 v1.2d
\pmbraise@=\dimen104
)
(/usr/share/texmf-texlive/tex/latex/amsmath/amsopn.sty
Package: amsopn 1999/12/14 v2.01 operator names
)
\inf@bad=\count87
LaTeX Info: Redefining \frac on input line 211.
\uproot@=\count88
\leftroot@=\count89
LaTeX Info: Redefining \overline on input line 307.
\classnum@=\count90
\DOTSCASE@=\count91
LaTeX Info: Redefining \ldots on input line 379.
LaTeX Info: Redefining \dots on input line 382.
LaTeX Info: Redefining \cdots on input line 467.
\Mathstrutbox@=\box26
\strutbox@=\box27
\big@size=\dimen105
LaTeX Font Info:    Redeclaring font encoding OML on input line 567.
LaTeX Font Info:    Redeclaring font encoding OMS on input line 568.
\macc@depth=\count92
\c@MaxMatrixCols=\count93
\dotsspace@=\muskip10
\c@parentequation=\count94
\dspbrk@lvl=\count95
\tag@help=\toks17
\row@=\count96
\column@=\count97
\maxfields@=\count98
\andhelp@=\toks18
\eqnshift@=\dimen106
\alignsep@=\dimen107
\tagshift@=\dimen108
\tagwidth@=\dimen109
\totwidth@=\dimen110
\lineht@=\dimen111
\@envbody=\toks19
\multlinegap=\skip44
\multlinetaggap=\skip45
\mathdisplay@stack=\toks20
LaTeX Info: Redefining \[ on input line 2666.
LaTeX Info: Redefining \] on input line 2667.
)
(/usr/share/texmf-texlive/tex/latex/amsfonts/amsfonts.sty
Package: amsfonts 2009/06/22 v3.00 Basic AMSFonts support
\symAMSa=\mathgroup4
\symAMSb=\mathgroup5
LaTeX Font Info:    Overwriting math alphabet `\mathfrak' in version `bold'
(Font)                  U/euf/m/n --> U/euf/b/n on input line 96.
)
(/usr/share/texmf-texlive/tex/latex/amsfonts/amssymb.sty
Package: amssymb 2009/06/22 v3.00
)
(/usr/share/texmf-texlive/tex/latex/booktabs/booktabs.sty
Package: booktabs 2005/04/14 v1.61803 publication quality tables
\heavyrulewidth=\dimen112
\lightrulewidth=\dimen113
\cmidrulewidth=\dimen114
\belowrulesep=\dimen115
\belowbottomsep=\dimen116
\aboverulesep=\dimen117
\abovetopsep=\dimen118
\cmidrulesep=\dimen119
\cmidrulekern=\dimen120
\defaultaddspace=\dimen121
\@cmidla=\count99
\@cmidlb=\count100
\@aboverulesep=\dimen122
\@belowrulesep=\dimen123
\@thisruleclass=\count101
\@lastruleclass=\count102
\@thisrulewidth=\dimen124
)
(/usr/share/texmf-texlive/tex/latex/base/fontenc.sty
Package: fontenc 2005/09/27 v1.99g Standard LaTeX package

(/usr/share/texmf-texlive/tex/latex/base/t1enc.def
File: t1enc.def 2005/09/27 v1.99g Standard LaTeX file
LaTeX Font Info:    Redeclaring font encoding T1 on input line 43.
))
(/usr/share/texmf-texlive/tex/latex/graphics/graphicx.sty
Package: graphicx 1999/02/16 v1.0f Enhanced LaTeX Graphics (DPC,SPQR)

(/usr/share/texmf-texlive/tex/latex/graphics/keyval.sty
Package: keyval 1999/03/16 v1.13 key=value parser (DPC)
\KV@toks@=\toks21
)
(/usr/share/texmf-texlive/tex/latex/graphics/graphics.sty
Package: graphics 2009/02/05 v1.0o Standard LaTeX Graphics (DPC,SPQR)

(/usr/share/texmf-texlive/tex/latex/graphics/trig.sty
Package: trig 1999/03/16 v1.09 sin cos tan (DPC)
)
(/etc/texmf/tex/latex/config/graphics.cfg
File: graphics.cfg 2009/08/28 v1.8 graphics configuration of TeX Live
)
Package graphics Info: Driver file: pdftex.def on input line 91.

(/usr/share/texmf-texlive/tex/latex/pdftex-def/pdftex.def
File: pdftex.def 2010/03/12 v0.04p Graphics/color for pdfTeX
\Gread@gobject=\count103
))
\Gin@req@height=\dimen125
\Gin@req@width=\dimen126
)
(/usr/share/texmf-texlive/tex/latex/tools/longtable.sty
Package: longtable 2004/02/01 v4.11 Multi-page Table package (DPC)
\LTleft=\skip46
\LTright=\skip47
\LTpre=\skip48
\LTpost=\skip49
\LTchunksize=\count104
\LTcapwidth=\dimen127
\LT@head=\box28
\LT@firsthead=\box29
\LT@foot=\box30
\LT@lastfoot=\box31
\LT@cols=\count105
\LT@rows=\count106
\c@LT@tables=\count107
\c@LT@chunks=\count108
\LT@p@ftn=\toks22
)
(/usr/share/texmf-texlive/tex/latex/float/float.sty
Package: float 2001/11/08 v1.3d Float enhancements (AL)
\c@float@type=\count109
\float@exts=\toks23
\float@box=\box32
\@float@everytoks=\toks24
\@floatcapt=\box33
)
(/usr/share/texmf-texlive/tex/latex/wrapfig/wrapfig.sty
\wrapoverhang=\dimen128
\WF@size=\dimen129
\c@WF@wrappedlines=\count110
\WF@box=\box34
\WF@everypar=\toks25
Package: wrapfig 2003/01/31  v 3.6
)
(/usr/share/texmf-texlive/tex/latex/soul/soul.sty
Package: soul 2003/11/17 v2.4 letterspacing/underlining (mf)
\SOUL@word=\toks26
\SOUL@lasttoken=\toks27
\SOUL@cmds=\toks28
\SOUL@buffer=\toks29
\SOUL@token=\toks30
\SOUL@spaceskip=\skip50
\SOUL@ttwidth=\dimen130
\SOUL@uldp=\dimen131
\SOUL@ulht=\dimen132
)
(/usr/share/texmf-texlive/tex/latex/hyperref/hyperref.sty
Package: hyperref 2009/10/09 v6.79a Hypertext links for LaTeX

(/usr/share/texmf-texlive/tex/generic/oberdiek/ifpdf.sty
Package: ifpdf 2009/04/10 v2.0 Provides the ifpdf switch (HO)
Package ifpdf Info: pdfTeX in pdf mode detected.
)
(/usr/share/texmf-texlive/tex/generic/oberdiek/ifvtex.sty
Package: ifvtex 2008/11/04 v1.4 Switches for detecting VTeX and its modes (HO)
Package ifvtex Info: VTeX not detected.
)
(/usr/share/texmf-texlive/tex/generic/ifxetex/ifxetex.sty
Package: ifxetex 2009/01/23 v0.5 Provides ifxetex conditional
)
(/usr/share/texmf-texlive/tex/latex/oberdiek/hycolor.sty
Package: hycolor 2009/10/02 v1.5 Code for color options of hyperref/bookmark (H
O)

(/usr/share/texmf-texlive/tex/latex/oberdiek/xcolor-patch.sty
Package: xcolor-patch 2009/10/02 xcolor patch
))
\@linkdim=\dimen133
\Hy@linkcounter=\count111
\Hy@pagecounter=\count112

(/usr/share/texmf-texlive/tex/latex/hyperref/pd1enc.def
File: pd1enc.def 2009/10/09 v6.79a Hyperref: PDFDocEncoding definition (HO)
Now handling font encoding PD1 ...
... no UTF-8 mapping file for font encoding PD1
)
(/usr/share/texmf-texlive/tex/generic/oberdiek/etexcmds.sty
Package: etexcmds 2007/12/12 v1.2 Prefix for e-TeX command names (HO)

(/usr/share/texmf-texlive/tex/generic/oberdiek/infwarerr.sty
Package: infwarerr 2007/09/09 v1.2 Providing info/warning/message (HO)
)
Package etexcmds Info: Could not find \expanded.
(etexcmds)             That can mean that you are not using pdfTeX 1.50 or
(etexcmds)             that some package has redefined \expanded.
(etexcmds)             In the latter case, load this package earlier.
)
(/usr/share/texmf-texlive/tex/latex/latexconfig/hyperref.cfg
File: hyperref.cfg 2002/06/06 v1.2 hyperref configuration of TeXLive
)
(/usr/share/texmf-texlive/tex/latex/oberdiek/kvoptions.sty
Package: kvoptions 2009/08/13 v3.4 Keyval support for LaTeX options (HO)

(/usr/share/texmf-texlive/tex/generic/oberdiek/kvsetkeys.sty
Package: kvsetkeys 2009/07/30 v1.5 Key value parser with default handler suppor
t (HO)
))
Package hyperref Info: Hyper figures OFF on input line 2975.
Package hyperref Info: Link nesting OFF on input line 2980.
Package hyperref Info: Hyper index ON on input line 2983.
Package hyperref Info: Plain pages OFF on input line 2990.
Package hyperref Info: Backreferencing OFF on input line 2995.

Implicit mode ON; LaTeX internals redefined
Package hyperref Info: Bookmarks ON on input line 3191.
(/usr/share/texmf-texlive/tex/latex/ltxmisc/url.sty
\Urlmuskip=\muskip11
Package: url 2006/04/12  ver 3.3  Verb mode for urls, etc.
)
LaTeX Info: Redefining \url on input line 3428.

(/usr/share/texmf-texlive/tex/generic/oberdiek/bitset.sty
Package: bitset 2007/09/28 v1.0 Data type bit set (HO)

(/usr/share/texmf-texlive/tex/generic/oberdiek/intcalc.sty
Package: intcalc 2007/09/27 v1.1 Expandable integer calculations (HO)
)
(/usr/share/texmf-texlive/tex/generic/oberdiek/bigintcalc.sty
Package: bigintcalc 2007/11/11 v1.1 Expandable big integer calculations (HO)

(/usr/share/texmf-texlive/tex/generic/oberdiek/pdftexcmds.sty
Package: pdftexcmds 2009/09/23 v0.6 LuaTeX support for pdfTeX utility functions
 (HO)

(/usr/share/texmf-texlive/tex/generic/oberdiek/ifluatex.sty
Package: ifluatex 2009/04/17 v1.2 Provides the ifluatex switch (HO)
Package ifluatex Info: LuaTeX not detected.
)
(/usr/share/texmf-texlive/tex/generic/oberdiek/ltxcmds.sty
Package: ltxcmds 2009/08/05 v1.0 Some LaTeX kernel commands for general use (HO
)
)
Package pdftexcmds Info: LuaTeX not detected.
Package pdftexcmds Info: \pdf@primitive is available.
Package pdftexcmds Info: \pdf@ifprimitive is available.
)))
\Fld@menulength=\count113
\Field@Width=\dimen134
\Fld@charsize=\dimen135
\Field@toks=\toks31
Package hyperref Info: Hyper figures OFF on input line 4377.
Package hyperref Info: Link nesting OFF on input line 4382.
Package hyperref Info: Hyper index ON on input line 4385.
Package hyperref Info: backreferencing OFF on input line 4392.
Package hyperref Info: Link coloring OFF on input line 4397.
Package hyperref Info: Link coloring with OCG OFF on input line 4402.
Package hyperref Info: PDF/A mode OFF on input line 4407.

(/usr/share/texmf-texlive/tex/generic/oberdiek/atbegshi.sty
Package: atbegshi 2008/07/31 v1.9 At begin shipout hook (HO)
)
\Hy@abspage=\count114
\c@Item=\count115
\c@Hfootnote=\count116
)
*hyperref using default driver hpdftex*
(/usr/share/texmf-texlive/tex/latex/hyperref/hpdftex.def
File: hpdftex.def 2009/10/09 v6.79a Hyperref driver for pdfTeX
\Fld@listcount=\count117
)

LaTeX Warning: Unused global option(s):
    [papera4].

(./psiu.aux

LaTeX Warning: Label `tab:formatoslatex' multiply defined.


LaTeX Warning: Label `tab:formatoslatex' multiply defined.


LaTeX Warning: Label `tab:formatoslatex' multiply defined.


LaTeX Warning: Label `tab:formatoslatex' multiply defined.


LaTeX Warning: Label `tab:formatoslatex' multiply defined.


LaTeX Warning: Label `tab:formatoslatex' multiply defined.


LaTeX Warning: Label `tab:formatoslatex' multiply defined.


LaTeX Warning: Label `tab:formatoslatex' multiply defined.


LaTeX Warning: Label `tab:formatoslatex' multiply defined.


LaTeX Warning: Label `tab:formatoslatex' multiply defined.


LaTeX Warning: Label `tab:formatoslatex' multiply defined.


LaTeX Warning: Label `tab:formatoslatex' multiply defined.


LaTeX Warning: Label `tab:formatoslatex' multiply defined.


LaTeX Warning: Label `tab:formatoslatex' multiply defined.


LaTeX Warning: Label `tab:formatoslatex' multiply defined.


LaTeX Warning: Label `tab:formatoslatex' multiply defined.


LaTeX Warning: Label `tab:formatoslatex' multiply defined.


LaTeX Warning: Label `tab:formatoslatex' multiply defined.


LaTeX Warning: Label `tab:formatoslatex' multiply defined.


LaTeX Warning: Label `tab:formatoslatex' multiply defined.


LaTeX Warning: Label `tab:formatoslatex' multiply defined.

)
\openout1 = `psiu.aux'.

LaTeX Font Info:    Checking defaults for OML/cmm/m/it on input line 17.
LaTeX Font Info:    ... okay on input line 17.
LaTeX Font Info:    Checking defaults for T1/cmr/m/n on input line 17.
LaTeX Font Info:    ... okay on input line 17.
LaTeX Font Info:    Checking defaults for OT1/cmr/m/n on input line 17.
LaTeX Font Info:    ... okay on input line 17.
LaTeX Font Info:    Checking defaults for OMS/cmsy/m/n on input line 17.
LaTeX Font Info:    ... okay on input line 17.
LaTeX Font Info:    Checking defaults for OMX/cmex/m/n on input line 17.
LaTeX Font Info:    ... okay on input line 17.
LaTeX Font Info:    Checking defaults for U/cmr/m/n on input line 17.
LaTeX Font Info:    ... okay on input line 17.
LaTeX Font Info:    Checking defaults for PD1/pdf/m/n on input line 17.
LaTeX Font Info:    ... okay on input line 17.
 (/usr/share/texmf-texlive/tex/context/base/supp-pdf.mkii
[Loading MPS to PDF converter (version 2006.09.02).]
\scratchcounter=\count118
\scratchdimen=\dimen136
\scratchbox=\box35
\nofMPsegments=\count119
\nofMParguments=\count120
\everyMPshowfont=\toks32
\MPscratchCnt=\count121
\MPscratchDim=\dimen137
\MPnumerator=\count122
\everyMPtoPDFconversion=\toks33
)
Package hyperref Info: Link coloring OFF on input line 17.
 (/usr/share/texmf-texlive/tex/latex/hyperref/nameref.sty
Package: nameref 2007/05/29 v2.31 Cross-referencing by name of section

(/usr/share/texmf-texlive/tex/latex/oberdiek/refcount.sty
Package: refcount 2008/08/11 v3.1 Data extraction from references (HO)
)
\c@section@level=\count123
)
LaTeX Info: Redefining \ref on input line 17.
LaTeX Info: Redefining \pageref on input line 17.
 (./psiu.out)
(./psiu.out)
\@outlinefile=\write3
\openout3 = `psiu.out'.

\AtBeginShipoutBox=\box36
LaTeX Font Info:    Try loading font information for U+msa on input line 23.
 (/usr/share/texmf-texlive/tex/latex/amsfonts/umsa.fd
File: umsa.fd 2009/06/22 v3.00 AMS symbols A
)
LaTeX Font Info:    Try loading font information for U+msb on input line 23.

(/usr/share/texmf-texlive/tex/latex/amsfonts/umsb.fd
File: umsb.fd 2009/06/22 v3.00 AMS symbols B
)

LaTeX Warning: No \author given.


Underfull \hbox (badness 10000) in paragraph at lines 26--27

 []


Underfull \hbox (badness 10000) in paragraph at lines 28--31

 []


Underfull \hbox (badness 10000) in paragraph at lines 28--31

 []


Underfull \hbox (badness 10000) in paragraph at lines 28--31

 []


Underfull \hbox (badness 10000) in paragraph at lines 32--33

 []


Underfull \hbox (badness 10000) in paragraph at lines 32--33

 []


Underfull \hbox (badness 10000) in paragraph at lines 32--33

 []

[1

{/var/lib/texmf/fonts/map/pdftex/updmap/pdftex.map}]
Underfull \hbox (badness 10000) in paragraph at lines 34--35

 []


Underfull \hbox (badness 10000) in paragraph at lines 36--37

 []


Underfull \hbox (badness 10000) in paragraph at lines 38--39

 []


Underfull \hbox (badness 10000) in paragraph at lines 38--39

 []


Overfull \hbox (46.19954pt too wide) in paragraph at lines 40--41
[]\T1/cmr/m/sl/10.95 [1] In-for-mática na Aldeia, http://www.numaboa.com.br/inf
ormatica/internet/526-
 []

[2]
Underfull \hbox (badness 10000) in paragraph at lines 51--54

 []


Overfull \hbox (24.978pt too wide) in paragraph at lines 68--71
\T1/cmr/m/n/10.95 O campo men-sagem será ou um co-mando ou uma re-sposta. Se o 
co-mando/resposta
 []

LaTeX Font Info:    Try loading font information for OMS+cmr on input line 72.
(/usr/share/texmf-texlive/tex/latex/base/omscmr.fd
File: omscmr.fd 1999/05/25 v2.5h Standard LaTeX font definitions
)
LaTeX Font Info:    Font shape `OMS/cmr/bx/n' in size <10.95> not available
(Font)              Font shape `OMS/cmsy/b/n' tried instead on input line 72.

Underfull \hbox (badness 10000) in paragraph at lines 74--75

 []


Overfull \hbox (9.18343pt too wide) in paragraph at lines 93--94
[]\T1/cmr/m/sl/10.95 Onde: Des-ti-natário = MNERIM , Tamanho = 034 , Co-mando =
 parafrente,
 []


Underfull \hbox (badness 10000) in paragraph at lines 93--94

 []


Underfull \hbox (badness 10000) in paragraph at lines 93--94

 []

[3]
Underfull \hbox (badness 10000) in paragraph at lines 99--102

 []


Underfull \hbox (badness 10000) in paragraph at lines 108--110

 []


Underfull \hbox (badness 10000) in paragraph at lines 108--110

 []


Underfull \hbox (badness 10000) in paragraph at lines 111--112

 []


Underfull \hbox (badness 10000) in paragraph at lines 114--115

 []


Underfull \hbox (badness 10000) in paragraph at lines 117--119

 []


Underfull \hbox (badness 10000) in paragraph at lines 117--119

 []


Underfull \hbox (badness 10000) in paragraph at lines 121--123

 []


Underfull \hbox (badness 10000) in paragraph at lines 121--123

 []

[4]
Underfull \hbox (badness 10000) in paragraph at lines 125--129

 []


Underfull \hbox (badness 10000) in paragraph at lines 131--132

 []


Underfull \hbox (badness 10000) in paragraph at lines 131--132

 []


Underfull \hbox (badness 10000) in paragraph at lines 137--138

 []


Underfull \hbox (badness 10000) in paragraph at lines 137--138

 []

[5]
Underfull \hbox (badness 10000) in paragraph at lines 146--147

 []


Underfull \hbox (badness 10000) in paragraph at lines 146--147

 []

LaTeX Font Info:    Try loading font information for T1+cmtt on input line 160.

(/usr/share/texmf-texlive/tex/latex/base/t1cmtt.fd
File: t1cmtt.fd 1999/05/25 v2.5h Standard LaTeX font definitions
)
Underfull \hbox (badness 10000) in paragraph at lines 158--161

 []


Underfull \hbox (badness 10000) in paragraph at lines 158--161

 []


Underfull \hbox (badness 10000) in paragraph at lines 158--161

 []


Underfull \hbox (badness 10000) in paragraph at lines 165--166

 []


Underfull \hbox (badness 10000) in paragraph at lines 165--166

 []


Underfull \hbox (badness 10000) in paragraph at lines 165--166

 []


Underfull \hbox (badness 10000) in paragraph at lines 165--166

 []


Underfull \hbox (badness 10000) in paragraph at lines 165--166

 []

[6]
Underfull \hbox (badness 10000) in paragraph at lines 173--177

 []


Underfull \hbox (badness 10000) in paragraph at lines 173--177

 []


Underfull \hbox (badness 10000) in paragraph at lines 173--177

 []


Underfull \hbox (badness 10000) in paragraph at lines 173--177

 []


Underfull \hbox (badness 10000) in paragraph at lines 180--183

 []


Underfull \hbox (badness 10000) in paragraph at lines 180--183

 []


Underfull \hbox (badness 10000) in paragraph at lines 180--183

 []


Underfull \hbox (badness 10000) in paragraph at lines 180--183

 []

[7]
Underfull \hbox (badness 10000) in paragraph at lines 189--189

 []


Underfull \hbox (badness 10000) in paragraph at lines 189--189

 []


Underfull \hbox (badness 10000) in paragraph at lines 190--196

 []


Underfull \hbox (badness 10000) in paragraph at lines 190--196

 []


Underfull \hbox (badness 10000) in paragraph at lines 190--196

 []


Underfull \hbox (badness 10000) in paragraph at lines 190--196

 []


Overfull \hbox (1.68053pt too wide) in paragraph at lines 204--204
[]\T1/cmr/m/n/10.95 Destinatário| 
 []


Underfull \hbox (badness 10000) in paragraph at lines 211--213

 []


Underfull \hbox (badness 10000) in paragraph at lines 211--213

 []


Overfull \hbox (43.7367pt too wide) in paragraph at lines 211--213
| \T1/cmtt/m/n/10.95 PC 038 parafrente sucesso MNERIM 02755  | \T1/cmr/bx/n/10.
95 (SUCESSO) 
 []


Overfull \hbox (23.19936pt too wide) in paragraph at lines 226--227
[]|  \T1/cmtt/m/n/10.95 PC 036 parafrente falha MNERIM 02488 | \T1/cmr/bx/n/10.
95 (FALHA) 
 []

[8]
Underfull \hbox (badness 10000) in paragraph at lines 242--242

 []


Underfull \hbox (badness 10000) in paragraph at lines 242--242

 []


Underfull \hbox (badness 10000) in paragraph at lines 243--249

 []


Underfull \hbox (badness 10000) in paragraph at lines 243--249

 []


Underfull \hbox (badness 10000) in paragraph at lines 243--249

 []


Underfull \hbox (badness 10000) in paragraph at lines 243--249

 []


Overfull \hbox (1.68053pt too wide) in paragraph at lines 256--256
[]\T1/cmr/m/n/10.95 Destinatário| 
 []


Underfull \hbox (badness 10000) in paragraph at lines 263--265

 []


Underfull \hbox (badness 10000) in paragraph at lines 263--265

 []


Overfull \hbox (32.41995pt too wide) in paragraph at lines 263--265
| \T1/cmtt/m/n/10.95 PC 036 paratras sucesso MNERIM 02551  | \T1/cmr/bx/n/10.95
 (SUCESSO) 
 []


Overfull \hbox (11.88261pt too wide) in paragraph at lines 278--279
[]|  \T1/cmtt/m/n/10.95 PC 034 paratras falha MNERIM 02284 | \T1/cmr/bx/n/10.95
 (FALHA) 
 []

[9]
Underfull \hbox (badness 10000) in paragraph at lines 294--294

 []


Underfull \hbox (badness 10000) in paragraph at lines 294--294

 []


Underfull \hbox (badness 10000) in paragraph at lines 295--301

 []


Underfull \hbox (badness 10000) in paragraph at lines 295--301

 []


Underfull \hbox (badness 10000) in paragraph at lines 295--301

 []


Underfull \hbox (badness 10000) in paragraph at lines 295--301

 []


Overfull \hbox (1.68053pt too wide) in paragraph at lines 308--308
[]\T1/cmr/m/n/10.95 Destinatário| 
 []


Underfull \hbox (badness 10000) in paragraph at lines 315--316

 []


Underfull \hbox (badness 10000) in paragraph at lines 315--316

 []


Overfull \hbox (43.7367pt too wide) in paragraph at lines 315--316
| \T1/cmtt/m/n/10.95 PC 039 giradireita sucesso MNERIM 02849 | \T1/cmr/bx/n/10.
95 (SUCESSO) 
 []


Overfull \hbox (28.85773pt too wide) in paragraph at lines 329--330
[]|  \T1/cmtt/m/n/10.95 PC 037 giradireita falha MNERIM 02582 | \T1/cmr/bx/n/10
.95 (FALHA) 
 []

[10]
Underfull \hbox (badness 10000) in paragraph at lines 346--346

 []


Underfull \hbox (badness 10000) in paragraph at lines 346--346

 []


Underfull \hbox (badness 10000) in paragraph at lines 347--353

 []


Underfull \hbox (badness 10000) in paragraph at lines 347--353

 []


Underfull \hbox (badness 10000) in paragraph at lines 347--353

 []


Underfull \hbox (badness 10000) in paragraph at lines 347--353

 []


Overfull \hbox (2.7398pt too wide) in paragraph at lines 358--358
[]\T1/cmr/m/n/10.95 giraesquerda| 
 []


Overfull \hbox (1.68053pt too wide) in paragraph at lines 360--360
[]\T1/cmr/m/n/10.95 Destinatário| 
 []


Underfull \hbox (badness 10000) in paragraph at lines 366--367

 []


Underfull \hbox (badness 10000) in paragraph at lines 366--367

 []


Overfull \hbox (49.39507pt too wide) in paragraph at lines 366--367
| \T1/cmtt/m/n/10.95 PC 040 giraesquerda sucesso MNERIM 02961 | \T1/cmr/bx/n/10
.95 (SUCESSO) 
 []


Overfull \hbox (34.5161pt too wide) in paragraph at lines 380--381
[]|  \T1/cmtt/m/n/10.95 PC 038 giraesquerda falha MNERIM 02703 | \T1/cmr/bx/n/1
0.95 (FALHA) 
 []

[11]
Underfull \hbox (badness 10000) in paragraph at lines 396--396

 []


Underfull \hbox (badness 10000) in paragraph at lines 396--396

 []


Overfull \hbox (3.64626pt too wide) in paragraph at lines 397--401
\T1/cmr/m/n/10.95 O co-mando \T1/cmr/m/it/10.95 quan-tosco-man-dos \T1/cmr/m/n/
10.95 per-gunta ao dis-pos-i-tivo a quan-ti-dade de funções
 []


Underfull \hbox (badness 10000) in paragraph at lines 397--401

 []


Underfull \hbox (badness 10000) in paragraph at lines 397--401

 []


Underfull \hbox (badness 10000) in paragraph at lines 397--401

 []


Underfull \hbox (badness 10000) in paragraph at lines 397--401

 []


Overfull \hbox (1.68053pt too wide) in paragraph at lines 408--408
[]\T1/cmr/m/n/10.95 Destinatário| 
 []


Underfull \hbox (badness 10000) in paragraph at lines 414--416

 []


Underfull \hbox (badness 10000) in paragraph at lines 414--416

 []


Underfull \hbox (badness 10000) in paragraph at lines 421--421
[]\T1/cmr/m/n/10.95 quantoscomandos
 []

[12]
Underfull \hbox (badness 10000) in paragraph at lines 430--430

 []


Underfull \hbox (badness 10000) in paragraph at lines 430--430

 []


Underfull \hbox (badness 10000) in paragraph at lines 431--436

 []


Underfull \hbox (badness 10000) in paragraph at lines 431--436

 []


Underfull \hbox (badness 10000) in paragraph at lines 431--436

 []


Underfull \hbox (badness 10000) in paragraph at lines 431--436

 []


Overfull \hbox (1.68053pt too wide) in paragraph at lines 443--443
[]\T1/cmr/m/n/10.95 Destinatário| 
 []


Underfull \hbox (badness 10000) in paragraph at lines 449--450

 []


Underfull \hbox (badness 10000) in paragraph at lines 449--450

 []


Underfull \hbox (badness 10000) in paragraph at lines 455--455
[]\T1/cmr/m/n/10.95 exibecomando
 []

[13]
Underfull \hbox (badness 10000) in paragraph at lines 469--474

 []


Underfull \hbox (badness 10000) in paragraph at lines 469--474

 []


Underfull \hbox (badness 10000) in paragraph at lines 475--477

 []


Underfull \hbox (badness 10000) in paragraph at lines 475--477

 []


Underfull \hbox (badness 10000) in paragraph at lines 475--477

 []


Overfull \hbox (3.94493pt too wide) in paragraph at lines 482--482
[]\T1/cmr/m/n/10.95 qualseunome| 
 []


Overfull \hbox (1.68053pt too wide) in paragraph at lines 484--484
[]\T1/cmr/m/n/10.95 Destinatário| 
 []


Underfull \hbox (badness 10000) in paragraph at lines 490--491

 []


Underfull \hbox (badness 10000) in paragraph at lines 490--491

 []


Overfull \hbox (3.94493pt too wide) in paragraph at lines 496--496
[]\T1/cmr/m/n/10.95 qualseunome| 
 []

[14]
Overfull \hbox (88.56494pt too wide) in paragraph at lines 513--527
 [][] 
 []

[15] [16]
Overfull \hbox (117.01768pt too wide) in paragraph at lines 583--594
 [] 
 []


Overfull \hbox (21.04742pt too wide) in paragraph at lines 623--635
 [] 
 []

[17]
Overfull \hbox (86.99591pt too wide) in paragraph at lines 669--674
 [] 
 []


Overfull \hbox (21.04742pt too wide) in paragraph at lines 686--698
 [] 
 []

[18] [19] (./psiu.aux)

LaTeX Warning: There were multiply-defined labels.

 ) 
Here is how much of TeX's memory you used:
 5947 strings out of 495061
 80154 string characters out of 1182621
 155407 words of memory out of 3000000
 8940 multiletter control sequences out of 15000+50000
 19859 words of font info for 53 fonts, out of 3000000 for 9000
 28 hyphenation exceptions out of 8191
 38i,9n,36p,772b,353s stack positions out of 5000i,500n,10000p,200000b,50000s
 </home/rjom/.texmf-var/fonts/pk/ljfour/jknappen/ec/ecbx1440.600pk> </home/rj
om/.texmf-var/fonts/pk/ljfour/jknappen/ec/ecti1095.600pk> </home/rjom/.texmf-va
r/fonts/pk/ljfour/jknappen/ec/ecbx1200.600pk> </home/rjom/.texmf-var/fonts/pk/l
jfour/jknappen/ec/ectt1095.600pk> </home/rjom/.texmf-var/fonts/pk/ljfour/jknapp
en/ec/eccc1095.600pk> </home/rjom/.texmf-var/fonts/pk/ljfour/jknappen/ec/ecbx10
95.600pk> </home/rjom/.texmf-var/fonts/pk/ljfour/jknappen/ec/ecsl1095.600pk> </
home/rjom/.texmf-var/fonts/pk/ljfour/jknappen/ec/ecrm1095.600pk> </home/rjom/.t
exmf-var/fonts/pk/ljfour/jknappen/ec/ecbx2074.600pk> </home/rjom/.texmf-var/fon
ts/pk/ljfour/jknappen/ec/ecrm1200.600pk> </home/rjom/.texmf-var/fonts/pk/ljfour
/jknappen/ec/ecrm1728.600pk></usr/share/texmf-texlive/fonts/type1/public/amsfon
ts/cm/cmbsy10.pfb></usr/share/texmf-texlive/fonts/type1/public/amsfonts/cm/cmmi
10.pfb></usr/share/texmf-texlive/fonts/type1/public/amsfonts/cm/cmr10.pfb>
Output written on psiu.pdf (19 pages, 200224 bytes).
PDF statistics:
 599 PDF objects out of 1000 (max. 8388607)
 65 named destinations out of 1000 (max. 500000)
 57 words of extra memory for PDF output out of 10000 (max. 10000000)

